c:\users\mahmoud\documents\visual studio 2015\projects\mana3dframework\mana3dframework\debug\vc140.pdb
c:\users\mahmoud\documents\visual studio 2015\projects\mana3dframework\mana3dframework\debug\vc140.idb
c:\users\mahmoud\documents\visual studio 2015\projects\mana3dframework\mana3dframework\debug\input.obj
c:\users\mahmoud\documents\visual studio 2015\projects\mana3dframework\mana3dframework\debug\main.obj
c:\users\mahmoud\documents\visual studio 2015\projects\mana3dframework\mana3dframework\debug\mathf.obj
c:\users\mahmoud\documents\visual studio 2015\projects\mana3dframework\mana3dframework\debug\matrix3.obj
c:\users\mahmoud\documents\visual studio 2015\projects\mana3dframework\mana3dframework\debug\matrix4.obj
c:\users\mahmoud\documents\visual studio 2015\projects\mana3dframework\mana3dframework\debug\matrix4x4.obj
c:\users\mahmoud\documents\visual studio 2015\projects\mana3dframework\mana3dframework\debug\mesh.obj
c:\users\mahmoud\documents\visual studio 2015\projects\mana3dframework\mana3dframework\debug\meshrenderer.obj
c:\users\mahmoud\documents\visual studio 2015\projects\mana3dframework\mana3dframework\debug\mstring.obj
c:\users\mahmoud\documents\visual studio 2015\projects\mana3dframework\mana3dframework\debug\particle.obj
c:\users\mahmoud\documents\visual studio 2015\projects\mana3dframework\mana3dframework\debug\physicsdata.obj
c:\users\mahmoud\documents\visual studio 2015\projects\mana3dframework\mana3dframework\debug\quaternion.obj
c:\users\mahmoud\documents\visual studio 2015\projects\mana3dframework\mana3dframework\debug\renderer.obj
c:\users\mahmoud\documents\visual studio 2015\projects\mana3dframework\mana3dframework\debug\screen.obj
c:\users\mahmoud\documents\visual studio 2015\projects\mana3dframework\mana3dframework\debug\texture.obj
c:\users\mahmoud\documents\visual studio 2015\projects\mana3dframework\mana3dframework\debug\textureimporter.obj
c:\users\mahmoud\documents\visual studio 2015\projects\mana3dframework\mana3dframework\debug\time.obj
c:\users\mahmoud\documents\visual studio 2015\projects\mana3dframework\mana3dframework\debug\transform.obj
c:\users\mahmoud\documents\visual studio 2015\projects\mana3dframework\mana3dframework\debug\vector3.obj
c:\users\mahmoud\documents\visual studio 2015\projects\mana3dframework\mana3dframework\debug\win32app.obj
c:\users\mahmoud\documents\visual studio 2015\projects\mana3dframework\mana3dframework\debug\camera.obj
c:\users\mahmoud\documents\visual studio 2015\projects\mana3dframework\mana3dframework\debug\component.obj
c:\users\mahmoud\documents\visual studio 2015\projects\mana3dframework\mana3dframework\debug\debug.obj
c:\users\mahmoud\documents\visual studio 2015\projects\mana3dframework\mana3dframework\debug\fbximporter.obj
c:\users\mahmoud\documents\visual studio 2015\projects\mana3dframework\mana3dframework\debug\fbximporter2016.obj
c:\users\mahmoud\documents\visual studio 2015\projects\mana3dframework\mana3dframework\debug\gameframework.obj
c:\users\mahmoud\documents\visual studio 2015\projects\mana3dframework\mana3dframework\debug\gameobject.obj
c:\users\mahmoud\documents\visual studio 2015\projects\mana3dframework\mana3dframework\debug\gui.obj
c:\users\mahmoud\documents\visual studio 2015\projects\mana3dframework\debug\mana3dframework.ilk
c:\users\mahmoud\documents\visual studio 2015\projects\mana3dframework\debug\mana3dframework.exe
c:\users\mahmoud\documents\visual studio 2015\projects\mana3dframework\debug\mana3dframework.pdb
e:\game development\opengl projects\mana3dframework\mana3dframework\debug\camera.obj
e:\game development\opengl projects\mana3dframework\mana3dframework\debug\component.obj
e:\game development\opengl projects\mana3dframework\mana3dframework\debug\debug.obj
e:\game development\opengl projects\mana3dframework\mana3dframework\debug\fbximporter.obj
e:\game development\opengl projects\mana3dframework\mana3dframework\debug\fbximporter2016.obj
e:\game development\opengl projects\mana3dframework\mana3dframework\debug\gameframework.obj
e:\game development\opengl projects\mana3dframework\mana3dframework\debug\gameobject.obj
e:\game development\opengl projects\mana3dframework\mana3dframework\debug\gui.obj
e:\game development\opengl projects\mana3dframework\mana3dframework\debug\input.obj
e:\game development\opengl projects\mana3dframework\mana3dframework\debug\main.obj
e:\game development\opengl projects\mana3dframework\mana3dframework\debug\mathf.obj
e:\game development\opengl projects\mana3dframework\mana3dframework\debug\matrix3.obj
e:\game development\opengl projects\mana3dframework\mana3dframework\debug\matrix4.obj
e:\game development\opengl projects\mana3dframework\mana3dframework\debug\matrix4x4.obj
e:\game development\opengl projects\mana3dframework\mana3dframework\debug\mesh.obj
e:\game development\opengl projects\mana3dframework\mana3dframework\debug\meshrenderer.obj
e:\game development\opengl projects\mana3dframework\mana3dframework\debug\mstring.obj
e:\game development\opengl projects\mana3dframework\mana3dframework\debug\particle.obj
e:\game development\opengl projects\mana3dframework\mana3dframework\debug\physicsdata.obj
e:\game development\opengl projects\mana3dframework\mana3dframework\debug\quaternion.obj
e:\game development\opengl projects\mana3dframework\mana3dframework\debug\renderer.obj
e:\game development\opengl projects\mana3dframework\mana3dframework\debug\screen.obj
e:\game development\opengl projects\mana3dframework\mana3dframework\debug\texture.obj
e:\game development\opengl projects\mana3dframework\mana3dframework\debug\textureimporter.obj
e:\game development\opengl projects\mana3dframework\mana3dframework\debug\time.obj
e:\game development\opengl projects\mana3dframework\mana3dframework\debug\transform.obj
e:\game development\opengl projects\mana3dframework\mana3dframework\debug\vector3.obj
e:\game development\opengl projects\mana3dframework\mana3dframework\debug\win32app.obj
e:\game development\opengl projects\mana3dframework\mana3dframework\debug\vc140.idb
e:\game development\opengl projects\mana3dframework\mana3dframework\debug\vc140.pdb
e:\game development\opengl projects\mana3dframework\debug\mana3dframework.pdb
e:\game development\opengl projects\mana3dframework\debug\mana3dframework.exe
e:\game development\opengl projects\mana3dframework\debug\mana3dframework.ilk
e:\game development\opengl projects\mana3dframework\mana3dframework\debug\mana3dframework.tlog\cl.command.1.tlog
e:\game development\opengl projects\mana3dframework\mana3dframework\debug\mana3dframework.tlog\cl.read.1.tlog
e:\game development\opengl projects\mana3dframework\mana3dframework\debug\mana3dframework.tlog\cl.write.1.tlog
e:\game development\opengl projects\mana3dframework\mana3dframework\debug\mana3dframework.tlog\link.command.1.tlog
e:\game development\opengl projects\mana3dframework\mana3dframework\debug\mana3dframework.tlog\link.read.1.tlog
e:\game development\opengl projects\mana3dframework\mana3dframework\debug\mana3dframework.tlog\link.write.1.tlog
